Build started 12/8/2015 10:01:56 PM.
     1>Project "C:\Bo\color\color\color.vcxproj" on node 2 (Build target(s)).
     1>ClCompile:
         C:\Program Files (x86)\Microsoft Visual Studio 12.0\VC\bin\CL.exe /c /IC:\opencv\build\include /Zi /nologo /W3 /WX- /sdl /O2 /Oi /Oy- /GL /D WIN32 /D NDEBUG /D _CONSOLE /D _LIB /D _CRT_SECURE_NO_WARNINGS /D _MBCS /Gm- /EHsc /MD /GS /Gy /fp:precise /Zc:wchar_t /Zc:forScope /Yu"stdafx.h" /Fp"Release\color.pch" /Fo"Release\\" /Fd"Release\vc120.pdb" /Gd /TP /analyze- /errorReport:prompt color.cpp
         color.cpp
     1>c:\bo\color\color\color.hpp(91): warning C4018: '<' : signed/unsigned mismatch
     1>c:\bo\color\color\color.hpp(99): warning C4244: '=' : conversion from 'double' to 'unsigned char', possible loss of data
     1>c:\bo\color\color\color.hpp(100): warning C4244: '=' : conversion from 'double' to 'unsigned char', possible loss of data
     1>c:\bo\color\color\color.hpp(101): warning C4244: '=' : conversion from 'double' to 'unsigned char', possible loss of data
     1>c:\bo\color\color\color.hpp(102): warning C4244: '=' : conversion from 'double' to 'float', possible loss of data
     1>color.cpp(55): warning C4018: '<' : signed/unsigned mismatch
       Link:
         C:\Program Files (x86)\Microsoft Visual Studio 12.0\VC\bin\link.exe /ERRORREPORT:PROMPT /OUT:"C:\Bo\color\Release\color.exe" /INCREMENTAL:NO /NOLOGO /LIBPATH:C:\opencv\build\x86\vc12\lib opencv_ts300.lib opencv_world300.lib kernel32.lib user32.lib gdi32.lib winspool.lib comdlg32.lib advapi32.lib shell32.lib ole32.lib oleaut32.lib uuid.lib odbc32.lib odbccp32.lib /MANIFEST /MANIFESTUAC:"level='asInvoker' uiAccess='false'" /manifest:embed /DEBUG /PDB:"C:\Bo\color\Release\color.pdb" /SUBSYSTEM:CONSOLE /OPT:REF /OPT:ICF /LTCG /TLBID:1 /DYNAMICBASE /NXCOMPAT /IMPLIB:"C:\Bo\color\Release\color.lib" /MACHINE:X86 /SAFESEH Release\color.obj
         Release\stdafx.obj
         Generating code
     1>c:\bo\color\color\color.cpp(102): warning C4715: 'color::ColorQueryTask::ParseParameter' : not all control paths return a value
         Finished generating code
         color.vcxproj -> C:\Bo\color\Release\color.exe
     1>Done Building Project "C:\Bo\color\color\color.vcxproj" (Build target(s)).

Build succeeded.

Time Elapsed 00:00:00.84
